<!DOCTYPE html>
<html xmlns="http://www.w3.org/1999/xhtml" lang="en" xml:lang="en"><head>

<meta charset="utf-8">
<meta name="generator" content="quarto-1.5.54">

<meta name="viewport" content="width=device-width, initial-scale=1.0, user-scalable=yes">


<title>SQL</title>
<style>
code{white-space: pre-wrap;}
span.smallcaps{font-variant: small-caps;}
div.columns{display: flex; gap: min(4vw, 1.5em);}
div.column{flex: auto; overflow-x: auto;}
div.hanging-indent{margin-left: 1.5em; text-indent: -1.5em;}
ul.task-list{list-style: none;}
ul.task-list li input[type="checkbox"] {
  width: 0.8em;
  margin: 0 0.8em 0.2em -1em; /* quarto-specific, see https://github.com/quarto-dev/quarto-cli/issues/4556 */ 
  vertical-align: middle;
}
</style>


<script src="Sql_files/libs/clipboard/clipboard.min.js"></script>
<script src="Sql_files/libs/quarto-html/quarto.js"></script>
<script src="Sql_files/libs/quarto-html/popper.min.js"></script>
<script src="Sql_files/libs/quarto-html/tippy.umd.min.js"></script>
<script src="Sql_files/libs/quarto-html/anchor.min.js"></script>
<link href="Sql_files/libs/quarto-html/tippy.css" rel="stylesheet">
<link href="Sql_files/libs/quarto-html/quarto-syntax-highlighting.css" rel="stylesheet" id="quarto-text-highlighting-styles">
<script src="Sql_files/libs/bootstrap/bootstrap.min.js"></script>
<link href="Sql_files/libs/bootstrap/bootstrap-icons.css" rel="stylesheet">
<link href="Sql_files/libs/bootstrap/bootstrap.min.css" rel="stylesheet" id="quarto-bootstrap" data-mode="light">


</head>

<body class="fullcontent">

<div id="quarto-content" class="page-columns page-rows-contents page-layout-article">

<main class="content" id="quarto-document-content">

<header id="title-block-header" class="quarto-title-block default">
<div class="quarto-title">
<h1 class="title">SQL</h1>
</div>



<div class="quarto-title-meta">

    
  
    
  </div>
  


</header>


<section id="library-package" class="level2">
<h2 class="anchored" data-anchor-id="library-package">Library package</h2>
<div class="cell">
<div class="cell-output cell-output-stderr">
<pre><code>
Attaching package: 'dplyr'</code></pre>
</div>
<div class="cell-output cell-output-stderr">
<pre><code>The following objects are masked from 'package:stats':

    filter, lag</code></pre>
</div>
<div class="cell-output cell-output-stderr">
<pre><code>The following objects are masked from 'package:base':

    intersect, setdiff, setequal, union</code></pre>
</div>
</div>
</section>
<section id="create-connection-to-postgresql-server" class="level2">
<h2 class="anchored" data-anchor-id="create-connection-to-postgresql-server">Create connection to PostgreSQL server</h2>
<div class="cell">
<div class="cell-output cell-output-stderr">
<pre><code>• Edit '/Users/macbookpro/.Renviron'
• Restart R for changes to take effect</code></pre>
</div>
<div class="cell-output cell-output-stdout">
<pre><code>[1] "Connection to the database is successful!"</code></pre>
</div>
</div>
</section>
<section id="listing-tables-and-fields" class="level2">
<h2 class="anchored" data-anchor-id="listing-tables-and-fields">Listing tables and fields</h2>
<div class="cell">
<div class="cell-output cell-output-stdout">
<pre><code> [1] "actor"                      "address"                   
 [3] "category"                   "city"                      
 [5] "country"                    "customer"                  
 [7] "film"                       "film_actor"                
 [9] "film_category"              "inventory"                 
[11] "language"                   "payment"                   
[13] "rental"                     "staff"                     
[15] "store"                      "actor_info"                
[17] "customer_list"              "film_list"                 
[19] "nicer_but_slower_film_list" "sales_by_film_category"    
[21] "sales_by_store"             "staff_list"                </code></pre>
</div>
<div class="cell-output cell-output-stdout">
<pre><code>[1] "rental_id"    "rental_date"  "inventory_id" "customer_id"  "return_date" 
[6] "staff_id"     "last_update" </code></pre>
</div>
<div class="cell-output cell-output-stdout">
<pre><code>   rental_id         rental_date inventory_id customer_id         return_date
1          2 2005-05-24 22:54:33         1525         459 2005-05-28 19:40:33
2          3 2005-05-24 23:03:39         1711         408 2005-06-01 22:12:39
3          4 2005-05-24 23:04:41         2452         333 2005-06-03 01:43:41
4          5 2005-05-24 23:05:21         2079         222 2005-06-02 04:33:21
5          6 2005-05-24 23:08:07         2792         549 2005-05-27 01:32:07
6          7 2005-05-24 23:11:53         3995         269 2005-05-29 20:34:53
7          8 2005-05-24 23:31:46         2346         239 2005-05-27 23:33:46
8          9 2005-05-25 00:00:40         2580         126 2005-05-28 00:22:40
9         10 2005-05-25 00:02:21         1824         399 2005-05-31 22:44:21
10        11 2005-05-25 00:09:02         4443         142 2005-06-02 20:56:02
   staff_id         last_update
1         1 2006-02-16 02:30:53
2         1 2006-02-16 02:30:53
3         2 2006-02-16 02:30:53
4         1 2006-02-16 02:30:53
5         1 2006-02-16 02:30:53
6         2 2006-02-16 02:30:53
7         2 2006-02-16 02:30:53
8         1 2006-02-16 02:30:53
9         2 2006-02-16 02:30:53
10        2 2006-02-16 02:30:53</code></pre>
</div>
<div class="cell-output cell-output-stdout">
<pre><code>  count
1 16044</code></pre>
</div>
</div>
</section>
<section id="plotting-data" class="level2">
<h2 class="anchored" data-anchor-id="plotting-data">Plotting data</h2>
<div class="cell">
<div class="cell-output-display">
<div>
<figure class="figure">
<p><img src="Sql_files/figure-html/unnamed-chunk-4-1.png" class="img-fluid figure-img" width="672"></p>
</figure>
</div>
</div>
</div>
</section>
<section id="joining-the-data" class="level2">
<h2 class="anchored" data-anchor-id="joining-the-data">Joining the data</h2>
</section>
<section id="inventory-stock-take" class="level2">
<h2 class="anchored" data-anchor-id="inventory-stock-take">Inventory stock take</h2>
<div class="cell">
<div class="cell-output-display">
<div>
<figure class="figure">
<p><img src="Sql_files/figure-html/unnamed-chunk-6-1.png" class="img-fluid figure-img" width="672"></p>
</figure>
</div>
</div>
</div>
</section>
<section id="optimisation" class="level2">
<h2 class="anchored" data-anchor-id="optimisation">Optimisation</h2>
<div class="cell">
<div class="cell-output cell-output-stdout">
<pre><code>                                                                                                                                                                QUERY PLAN
1                                                                                  Sort  (cost=635.55..635.63 rows=32 width=80) (actual time=4.057..4.062 rows=32 loops=1)
2                                                                                                        Sort Key: inventorycounts.store_id, inventorycounts.category_name
3                                                                                                                                     Sort Method: quicksort  Memory: 27kB
4                                                                                                                                                      CTE inventorycounts
5                                                                     -&gt;  HashAggregate  (cost=633.79..634.11 rows=32 width=80) (actual time=4.020..4.028 rows=32 loops=1)
6                                                                                                                                            Group Key: s.store_id, c.name
7                                                                     -&gt;  Hash Join  (cost=208.45..610.33 rows=3128 width=76) (actual time=1.252..3.522 rows=3181 loops=1)
8                                                                                                                             Hash Cond: (r.inventory_id = i.inventory_id)
9                                                           -&gt;  Seq Scan on rental r  (cost=0.00..310.44 rows=16044 width=4) (actual time=0.008..0.849 rows=16044 loops=1)
10                                                                           -&gt;  Hash  (cost=197.29..197.29 rows=893 width=76) (actual time=1.240..1.243 rows=904 loops=1)
11                                                                                                                           Buckets: 1024  Batches: 1  Memory Usage: 52kB
12                                                                       -&gt;  Hash Join  (cost=93.06..197.29 rows=893 width=76) (actual time=0.408..1.118 rows=904 loops=1)
13                                                                                                                                    Hash Cond: (i.store_id = s.store_id)
14                                                                       -&gt;  Hash Join  (cost=92.02..188.94 rows=893 width=74) (actual time=0.391..0.992 rows=904 loops=1)
15                                                                                                                                      Hash Cond: (i.film_id = f.film_id)
16                                                          -&gt;  Seq Scan on inventory i  (cost=0.00..70.81 rows=4581 width=8) (actual time=0.004..0.237 rows=4581 loops=1)
17                                                                             -&gt;  Hash  (cost=89.58..89.58 rows=195 width=74) (actual time=0.379..0.381 rows=195 loops=1)
18                                                                                                                           Buckets: 1024  Batches: 1  Memory Usage: 17kB
19                                                                        -&gt;  Hash Join  (cost=70.30..89.58 rows=195 width=74) (actual time=0.209..0.353 rows=195 loops=1)
20                                                                                                                             Hash Cond: (fc.category_id = c.category_id)
21                                                                         -&gt;  Hash Join  (cost=68.94..87.57 rows=195 width=8) (actual time=0.195..0.317 rows=195 loops=1)
22                                                                                                                                     Hash Cond: (fc.film_id = f.film_id)
23                                                     -&gt;  Seq Scan on film_category fc  (cost=0.00..16.00 rows=1000 width=4) (actual time=0.003..0.055 rows=1000 loops=1)
24                                                                              -&gt;  Hash  (cost=66.50..66.50 rows=195 width=4) (actual time=0.179..0.180 rows=195 loops=1)
25                                                                                                                           Buckets: 1024  Batches: 1  Memory Usage: 15kB
26                                                                 -&gt;  Seq Scan on film f  (cost=0.00..66.50 rows=195 width=4) (actual time=0.004..0.150 rows=195 loops=1)
27                                                                                                                                     Filter: (rating = 'R'::mpaa_rating)
28                                                                                                                                             Rows Removed by Filter: 805
29                                                                                 -&gt;  Hash  (cost=1.16..1.16 rows=16 width=72) (actual time=0.009..0.010 rows=16 loops=1)
30                                                                                                                            Buckets: 1024  Batches: 1  Memory Usage: 9kB
31                                                               -&gt;  Seq Scan on category c  (cost=0.00..1.16 rows=16 width=72) (actual time=0.003..0.005 rows=16 loops=1)
32                                                                                    -&gt;  Hash  (cost=1.02..1.02 rows=2 width=4) (actual time=0.006..0.006 rows=2 loops=1)
33                                                                                                                            Buckets: 1024  Batches: 1  Memory Usage: 9kB
34                                                                     -&gt;  Seq Scan on store s  (cost=0.00..1.02 rows=2 width=4) (actual time=0.003..0.004 rows=2 loops=1)
35                                                          -&gt;  CTE Scan on inventorycounts  (cost=0.00..0.64 rows=32 width=80) (actual time=4.022..4.032 rows=32 loops=1)
36                                                                                                                                                 Planning time: 1.007 ms
37                                                                                                                                                Execution time: 4.120 ms</code></pre>
</div>
</div>
</section>
<section id="statement" class="level2">
<h2 class="anchored" data-anchor-id="statement">Statement</h2>
<p>Which step would you start with for optimisation ?</p>
<p>Seq Scan on rental r. The cost is 310.44, which is relatively high for a sequential scan, especially for a table with 16,044 rows. The actual time spent on this operation is 1.249ms. The Seq Scan on rental means that the query is scanning all rows in the rental table, the dataset is large that inefficient.</p>
<p>What does that step do ?</p>
<p>Seq Scan means the database reads all rows in the rental table. This is inefficient for large tables unless all rows are needed. The absence of an index on a key column (e.g., inventory_id) triggers a full scan, which slows down the query.</p>
</section>

</main>
<!-- /main column -->
<script id="quarto-html-after-body" type="application/javascript">
window.document.addEventListener("DOMContentLoaded", function (event) {
  const toggleBodyColorMode = (bsSheetEl) => {
    const mode = bsSheetEl.getAttribute("data-mode");
    const bodyEl = window.document.querySelector("body");
    if (mode === "dark") {
      bodyEl.classList.add("quarto-dark");
      bodyEl.classList.remove("quarto-light");
    } else {
      bodyEl.classList.add("quarto-light");
      bodyEl.classList.remove("quarto-dark");
    }
  }
  const toggleBodyColorPrimary = () => {
    const bsSheetEl = window.document.querySelector("link#quarto-bootstrap");
    if (bsSheetEl) {
      toggleBodyColorMode(bsSheetEl);
    }
  }
  toggleBodyColorPrimary();  
  const icon = "";
  const anchorJS = new window.AnchorJS();
  anchorJS.options = {
    placement: 'right',
    icon: icon
  };
  anchorJS.add('.anchored');
  const isCodeAnnotation = (el) => {
    for (const clz of el.classList) {
      if (clz.startsWith('code-annotation-')) {                     
        return true;
      }
    }
    return false;
  }
  const onCopySuccess = function(e) {
    // button target
    const button = e.trigger;
    // don't keep focus
    button.blur();
    // flash "checked"
    button.classList.add('code-copy-button-checked');
    var currentTitle = button.getAttribute("title");
    button.setAttribute("title", "Copied!");
    let tooltip;
    if (window.bootstrap) {
      button.setAttribute("data-bs-toggle", "tooltip");
      button.setAttribute("data-bs-placement", "left");
      button.setAttribute("data-bs-title", "Copied!");
      tooltip = new bootstrap.Tooltip(button, 
        { trigger: "manual", 
          customClass: "code-copy-button-tooltip",
          offset: [0, -8]});
      tooltip.show();    
    }
    setTimeout(function() {
      if (tooltip) {
        tooltip.hide();
        button.removeAttribute("data-bs-title");
        button.removeAttribute("data-bs-toggle");
        button.removeAttribute("data-bs-placement");
      }
      button.setAttribute("title", currentTitle);
      button.classList.remove('code-copy-button-checked');
    }, 1000);
    // clear code selection
    e.clearSelection();
  }
  const getTextToCopy = function(trigger) {
      const codeEl = trigger.previousElementSibling.cloneNode(true);
      for (const childEl of codeEl.children) {
        if (isCodeAnnotation(childEl)) {
          childEl.remove();
        }
      }
      return codeEl.innerText;
  }
  const clipboard = new window.ClipboardJS('.code-copy-button:not([data-in-quarto-modal])', {
    text: getTextToCopy
  });
  clipboard.on('success', onCopySuccess);
  if (window.document.getElementById('quarto-embedded-source-code-modal')) {
    // For code content inside modals, clipBoardJS needs to be initialized with a container option
    // TODO: Check when it could be a function (https://github.com/zenorocha/clipboard.js/issues/860)
    const clipboardModal = new window.ClipboardJS('.code-copy-button[data-in-quarto-modal]', {
      text: getTextToCopy,
      container: window.document.getElementById('quarto-embedded-source-code-modal')
    });
    clipboardModal.on('success', onCopySuccess);
  }
    var localhostRegex = new RegExp(/^(?:http|https):\/\/localhost\:?[0-9]*\//);
    var mailtoRegex = new RegExp(/^mailto:/);
      var filterRegex = new RegExp('/' + window.location.host + '/');
    var isInternal = (href) => {
        return filterRegex.test(href) || localhostRegex.test(href) || mailtoRegex.test(href);
    }
    // Inspect non-navigation links and adorn them if external
 	var links = window.document.querySelectorAll('a[href]:not(.nav-link):not(.navbar-brand):not(.toc-action):not(.sidebar-link):not(.sidebar-item-toggle):not(.pagination-link):not(.no-external):not([aria-hidden]):not(.dropdown-item):not(.quarto-navigation-tool):not(.about-link)');
    for (var i=0; i<links.length; i++) {
      const link = links[i];
      if (!isInternal(link.href)) {
        // undo the damage that might have been done by quarto-nav.js in the case of
        // links that we want to consider external
        if (link.dataset.originalHref !== undefined) {
          link.href = link.dataset.originalHref;
        }
      }
    }
  function tippyHover(el, contentFn, onTriggerFn, onUntriggerFn) {
    const config = {
      allowHTML: true,
      maxWidth: 500,
      delay: 100,
      arrow: false,
      appendTo: function(el) {
          return el.parentElement;
      },
      interactive: true,
      interactiveBorder: 10,
      theme: 'quarto',
      placement: 'bottom-start',
    };
    if (contentFn) {
      config.content = contentFn;
    }
    if (onTriggerFn) {
      config.onTrigger = onTriggerFn;
    }
    if (onUntriggerFn) {
      config.onUntrigger = onUntriggerFn;
    }
    window.tippy(el, config); 
  }
  const noterefs = window.document.querySelectorAll('a[role="doc-noteref"]');
  for (var i=0; i<noterefs.length; i++) {
    const ref = noterefs[i];
    tippyHover(ref, function() {
      // use id or data attribute instead here
      let href = ref.getAttribute('data-footnote-href') || ref.getAttribute('href');
      try { href = new URL(href).hash; } catch {}
      const id = href.replace(/^#\/?/, "");
      const note = window.document.getElementById(id);
      if (note) {
        return note.innerHTML;
      } else {
        return "";
      }
    });
  }
  const xrefs = window.document.querySelectorAll('a.quarto-xref');
  const processXRef = (id, note) => {
    // Strip column container classes
    const stripColumnClz = (el) => {
      el.classList.remove("page-full", "page-columns");
      if (el.children) {
        for (const child of el.children) {
          stripColumnClz(child);
        }
      }
    }
    stripColumnClz(note)
    if (id === null || id.startsWith('sec-')) {
      // Special case sections, only their first couple elements
      const container = document.createElement("div");
      if (note.children && note.children.length > 2) {
        container.appendChild(note.children[0].cloneNode(true));
        for (let i = 1; i < note.children.length; i++) {
          const child = note.children[i];
          if (child.tagName === "P" && child.innerText === "") {
            continue;
          } else {
            container.appendChild(child.cloneNode(true));
            break;
          }
        }
        if (window.Quarto?.typesetMath) {
          window.Quarto.typesetMath(container);
        }
        return container.innerHTML
      } else {
        if (window.Quarto?.typesetMath) {
          window.Quarto.typesetMath(note);
        }
        return note.innerHTML;
      }
    } else {
      // Remove any anchor links if they are present
      const anchorLink = note.querySelector('a.anchorjs-link');
      if (anchorLink) {
        anchorLink.remove();
      }
      if (window.Quarto?.typesetMath) {
        window.Quarto.typesetMath(note);
      }
      // TODO in 1.5, we should make sure this works without a callout special case
      if (note.classList.contains("callout")) {
        return note.outerHTML;
      } else {
        return note.innerHTML;
      }
    }
  }
  for (var i=0; i<xrefs.length; i++) {
    const xref = xrefs[i];
    tippyHover(xref, undefined, function(instance) {
      instance.disable();
      let url = xref.getAttribute('href');
      let hash = undefined; 
      if (url.startsWith('#')) {
        hash = url;
      } else {
        try { hash = new URL(url).hash; } catch {}
      }
      if (hash) {
        const id = hash.replace(/^#\/?/, "");
        const note = window.document.getElementById(id);
        if (note !== null) {
          try {
            const html = processXRef(id, note.cloneNode(true));
            instance.setContent(html);
          } finally {
            instance.enable();
            instance.show();
          }
        } else {
          // See if we can fetch this
          fetch(url.split('#')[0])
          .then(res => res.text())
          .then(html => {
            const parser = new DOMParser();
            const htmlDoc = parser.parseFromString(html, "text/html");
            const note = htmlDoc.getElementById(id);
            if (note !== null) {
              const html = processXRef(id, note);
              instance.setContent(html);
            } 
          }).finally(() => {
            instance.enable();
            instance.show();
          });
        }
      } else {
        // See if we can fetch a full url (with no hash to target)
        // This is a special case and we should probably do some content thinning / targeting
        fetch(url)
        .then(res => res.text())
        .then(html => {
          const parser = new DOMParser();
          const htmlDoc = parser.parseFromString(html, "text/html");
          const note = htmlDoc.querySelector('main.content');
          if (note !== null) {
            // This should only happen for chapter cross references
            // (since there is no id in the URL)
            // remove the first header
            if (note.children.length > 0 && note.children[0].tagName === "HEADER") {
              note.children[0].remove();
            }
            const html = processXRef(null, note);
            instance.setContent(html);
          } 
        }).finally(() => {
          instance.enable();
          instance.show();
        });
      }
    }, function(instance) {
    });
  }
      let selectedAnnoteEl;
      const selectorForAnnotation = ( cell, annotation) => {
        let cellAttr = 'data-code-cell="' + cell + '"';
        let lineAttr = 'data-code-annotation="' +  annotation + '"';
        const selector = 'span[' + cellAttr + '][' + lineAttr + ']';
        return selector;
      }
      const selectCodeLines = (annoteEl) => {
        const doc = window.document;
        const targetCell = annoteEl.getAttribute("data-target-cell");
        const targetAnnotation = annoteEl.getAttribute("data-target-annotation");
        const annoteSpan = window.document.querySelector(selectorForAnnotation(targetCell, targetAnnotation));
        const lines = annoteSpan.getAttribute("data-code-lines").split(",");
        const lineIds = lines.map((line) => {
          return targetCell + "-" + line;
        })
        let top = null;
        let height = null;
        let parent = null;
        if (lineIds.length > 0) {
            //compute the position of the single el (top and bottom and make a div)
            const el = window.document.getElementById(lineIds[0]);
            top = el.offsetTop;
            height = el.offsetHeight;
            parent = el.parentElement.parentElement;
          if (lineIds.length > 1) {
            const lastEl = window.document.getElementById(lineIds[lineIds.length - 1]);
            const bottom = lastEl.offsetTop + lastEl.offsetHeight;
            height = bottom - top;
          }
          if (top !== null && height !== null && parent !== null) {
            // cook up a div (if necessary) and position it 
            let div = window.document.getElementById("code-annotation-line-highlight");
            if (div === null) {
              div = window.document.createElement("div");
              div.setAttribute("id", "code-annotation-line-highlight");
              div.style.position = 'absolute';
              parent.appendChild(div);
            }
            div.style.top = top - 2 + "px";
            div.style.height = height + 4 + "px";
            div.style.left = 0;
            let gutterDiv = window.document.getElementById("code-annotation-line-highlight-gutter");
            if (gutterDiv === null) {
              gutterDiv = window.document.createElement("div");
              gutterDiv.setAttribute("id", "code-annotation-line-highlight-gutter");
              gutterDiv.style.position = 'absolute';
              const codeCell = window.document.getElementById(targetCell);
              const gutter = codeCell.querySelector('.code-annotation-gutter');
              gutter.appendChild(gutterDiv);
            }
            gutterDiv.style.top = top - 2 + "px";
            gutterDiv.style.height = height + 4 + "px";
          }
          selectedAnnoteEl = annoteEl;
        }
      };
      const unselectCodeLines = () => {
        const elementsIds = ["code-annotation-line-highlight", "code-annotation-line-highlight-gutter"];
        elementsIds.forEach((elId) => {
          const div = window.document.getElementById(elId);
          if (div) {
            div.remove();
          }
        });
        selectedAnnoteEl = undefined;
      };
        // Handle positioning of the toggle
    window.addEventListener(
      "resize",
      throttle(() => {
        elRect = undefined;
        if (selectedAnnoteEl) {
          selectCodeLines(selectedAnnoteEl);
        }
      }, 10)
    );
    function throttle(fn, ms) {
    let throttle = false;
    let timer;
      return (...args) => {
        if(!throttle) { // first call gets through
            fn.apply(this, args);
            throttle = true;
        } else { // all the others get throttled
            if(timer) clearTimeout(timer); // cancel #2
            timer = setTimeout(() => {
              fn.apply(this, args);
              timer = throttle = false;
            }, ms);
        }
      };
    }
      // Attach click handler to the DT
      const annoteDls = window.document.querySelectorAll('dt[data-target-cell]');
      for (const annoteDlNode of annoteDls) {
        annoteDlNode.addEventListener('click', (event) => {
          const clickedEl = event.target;
          if (clickedEl !== selectedAnnoteEl) {
            unselectCodeLines();
            const activeEl = window.document.querySelector('dt[data-target-cell].code-annotation-active');
            if (activeEl) {
              activeEl.classList.remove('code-annotation-active');
            }
            selectCodeLines(clickedEl);
            clickedEl.classList.add('code-annotation-active');
          } else {
            // Unselect the line
            unselectCodeLines();
            clickedEl.classList.remove('code-annotation-active');
          }
        });
      }
  const findCites = (el) => {
    const parentEl = el.parentElement;
    if (parentEl) {
      const cites = parentEl.dataset.cites;
      if (cites) {
        return {
          el,
          cites: cites.split(' ')
        };
      } else {
        return findCites(el.parentElement)
      }
    } else {
      return undefined;
    }
  };
  var bibliorefs = window.document.querySelectorAll('a[role="doc-biblioref"]');
  for (var i=0; i<bibliorefs.length; i++) {
    const ref = bibliorefs[i];
    const citeInfo = findCites(ref);
    if (citeInfo) {
      tippyHover(citeInfo.el, function() {
        var popup = window.document.createElement('div');
        citeInfo.cites.forEach(function(cite) {
          var citeDiv = window.document.createElement('div');
          citeDiv.classList.add('hanging-indent');
          citeDiv.classList.add('csl-entry');
          var biblioDiv = window.document.getElementById('ref-' + cite);
          if (biblioDiv) {
            citeDiv.innerHTML = biblioDiv.innerHTML;
          }
          popup.appendChild(citeDiv);
        });
        return popup.innerHTML;
      });
    }
  }
});
</script>
</div> <!-- /content -->




</body></html>